  main.cpp
  Importing getopt library
C:\Users\user\Desktop\A3_DemandPaging\unistd.h(42,27): error C2371: 'int8_t': redefinition; different basic types
C:\Program Files (x86)\Microsoft Visual Studio\2019\Community\VC\Tools\MSVC\14.29.30133\include\stdint.h(18): message : see declaration of 'int8_t'
C:\Users\user\Desktop\A3_DemandPaging\main.cpp(41,46): error C2664: 'int getopt_w(int,wchar_t *const *,const wchar_t *) throw()': cannot convert argument 2 from 'char *[]' to 'wchar_t *const *'
C:\Users\user\Desktop\A3_DemandPaging\main.cpp(41,32): message : Types pointed to are unrelated; conversion requires reinterpret_cast, C-style cast or function-style cast
C:\Users\user\Desktop\A3_DemandPaging\getopt.h(112,24): message : see declaration of 'getopt_w'
C:\Users\user\Desktop\A3_DemandPaging\main.cpp(46,33): error C2664: 'int atoi(const char *)': cannot convert argument 1 from 'wchar_t *' to 'const char *'
C:\Users\user\Desktop\A3_DemandPaging\main.cpp(46,27): message : Types pointed to are unrelated; conversion requires reinterpret_cast, C-style cast or function-style cast
C:\Program Files (x86)\Windows Kits\10\Include\10.0.18362.0\ucrt\stdlib.h(447,62): message : see declaration of 'atoi'
C:\Users\user\Desktop\A3_DemandPaging\main.cpp(49,33): error C2664: 'int atoi(const char *)': cannot convert argument 1 from 'wchar_t *' to 'const char *'
C:\Users\user\Desktop\A3_DemandPaging\main.cpp(49,27): message : Types pointed to are unrelated; conversion requires reinterpret_cast, C-style cast or function-style cast
C:\Program Files (x86)\Windows Kits\10\Include\10.0.18362.0\ucrt\stdlib.h(447,62): message : see declaration of 'atoi'
C:\Users\user\Desktop\A3_DemandPaging\main.cpp(57,28): error C2440: '=': cannot convert from 'wchar_t *' to 'char *'
C:\Users\user\Desktop\A3_DemandPaging\main.cpp(57,22): message : Types pointed to are unrelated; conversion requires reinterpret_cast, C-style cast or function-style cast
C:\Users\user\Desktop\A3_DemandPaging\main.cpp(102,22): error C4996: 'fopen': This function or variable may be unsafe. Consider using fopen_s instead. To disable deprecation, use _CRT_SECURE_NO_WARNINGS. See online help for details.
C:\Users\user\Desktop\A3_DemandPaging\main.cpp(135,34): error C2131: expression did not evaluate to a constant
C:\Users\user\Desktop\A3_DemandPaging\main.cpp(135,28): message : failure was caused by a read of a variable outside its lifetime
C:\Users\user\Desktop\A3_DemandPaging\main.cpp(135,28): message : see usage of 'pTable'
C:\Users\user\Desktop\A3_DemandPaging\main.cpp(136,27): warning C4018: '<': signed/unsigned mismatch
C:\Users\user\Desktop\A3_DemandPaging\main.cpp(137,22): error C3863: array type 'unsigned int [pTable->28]' is not assignable
C:\Users\user\Desktop\A3_DemandPaging\main.cpp(318,30): error C2131: expression did not evaluate to a constant
C:\Users\user\Desktop\A3_DemandPaging\main.cpp(318,30): message : failure was caused by a read of a variable outside its lifetime
C:\Users\user\Desktop\A3_DemandPaging\main.cpp(318,30): message : see usage of 'numLevels'
C:\Users\user\Desktop\A3_DemandPaging\main.cpp(322,23): warning C4018: '<': signed/unsigned mismatch
C:\Users\user\Desktop\A3_DemandPaging\main.cpp(323,24): error C3863: array type 'unsigned int [numLevels]' is not assignable
